d:\lop c, c++\buoi20\gamelode_ver2\gamelode_ver2\debug\vc142.pdb
d:\lop c, c++\buoi20\gamelode_ver2\gamelode_ver2\debug\vc142.idb
d:\lop c, c++\buoi20\gamelode_ver2\gamelode_ver2\debug\ghide.obj
d:\lop c, c++\buoi20\gamelode_ver2\gamelode_ver2\debug\gamelode_ver2.obj
d:\lop c, c++\buoi20\gamelode_ver2\gamelode_ver2\debug\ghilo.obj
d:\lop c, c++\buoi20\gamelode_ver2\gamelode_ver2\debug\quayso.obj
d:\lop c, c++\buoi20\github\gamelodec-\gamelode_ver2\debug\vc142.pdb
d:\lop c, c++\buoi20\github\gamelodec-\gamelode_ver2\debug\vc142.idb
d:\lop c, c++\buoi20\github\gamelodec-\gamelode_ver2\debug\quayso.obj
d:\lop c, c++\buoi20\github\gamelodec-\gamelode_ver2\debug\ghilo.obj
d:\lop c, c++\buoi20\github\gamelodec-\gamelode_ver2\debug\ghide.obj
d:\lop c, c++\buoi20\github\gamelodec-\gamelode_ver2\debug\dangnhap.obj
d:\lop c, c++\buoi20\github\gamelodec-\gamelode_ver2\debug\gamelode_ver2.obj
d:\lop c, c++\buoi20\gamelode_ver2\debug\gamelode_ver2.exe
d:\lop c, c++\buoi20\gamelode_ver2\debug\gamelode_ver2.ilk
d:\lop c, c++\buoi20\gamelode_ver2\debug\gamelode_ver2.pdb
d:\lop c, c++\buoi20\github\gamelodec-\debug\gamelode_ver2.exe
d:\lop c, c++\buoi20\github\gamelodec-\debug\gamelode_ver2.ilk
d:\lop c, c++\buoi20\github\gamelodec-\debug\gamelode_ver2.pdb
d:\lop c, c++\buoi20\github\gamelodec-\gamelode_ver2\debug\gamelode_ver2.obj.enc
d:\lop c, c++\buoi20\github\gamelodec-\gamelode_ver2\debug\quayso.obj.enc
d:\lop c, c++\buoi20\github\gamelodec-\gamelode_ver2\debug\gamelode_ver2.tlog\cl.command.1.tlog
d:\lop c, c++\buoi20\github\gamelodec-\gamelode_ver2\debug\gamelode_ver2.tlog\cl.read.1.tlog
d:\lop c, c++\buoi20\github\gamelodec-\gamelode_ver2\debug\gamelode_ver2.tlog\cl.write.1.tlog
d:\lop c, c++\buoi20\github\gamelodec-\gamelode_ver2\debug\gamelode_ver2.tlog\link.command.1.tlog
d:\lop c, c++\buoi20\github\gamelodec-\gamelode_ver2\debug\gamelode_ver2.tlog\link.read.1.tlog
d:\lop c, c++\buoi20\github\gamelodec-\gamelode_ver2\debug\gamelode_ver2.tlog\link.write.1.tlog
